<?xml version="1.0" encoding="UTF-8"?>
<testsuite name="com.example.projectprototype.dbcrudtest.TotalTest" tests="1" skipped="0" failures="0" errors="0" timestamp="2021-08-23T03:36:22" hostname="jeongtaeseong-ui-MacBookAir.local" time="0.268">
  <properties/>
  <testcase name="RoomStatusChangeTest()" classname="com.example.projectprototype.dbcrudtest.TotalTest" time="0.268"/>
  <system-out><![CDATA[12:36:14.455 [Test worker] DEBUG org.springframework.test.context.BootstrapUtils - Instantiating CacheAwareContextLoaderDelegate from class [org.springframework.test.context.cache.DefaultCacheAwareContextLoaderDelegate]
12:36:14.465 [Test worker] DEBUG org.springframework.test.context.BootstrapUtils - Instantiating BootstrapContext using constructor [public org.springframework.test.context.support.DefaultBootstrapContext(java.lang.Class,org.springframework.test.context.CacheAwareContextLoaderDelegate)]
12:36:14.516 [Test worker] DEBUG org.springframework.test.context.BootstrapUtils - Instantiating TestContextBootstrapper for test class [com.example.projectprototype.dbcrudtest.TotalTest] from class [org.springframework.boot.test.context.SpringBootTestContextBootstrapper]
12:36:14.525 [Test worker] INFO org.springframework.boot.test.context.SpringBootTestContextBootstrapper - Neither @ContextConfiguration nor @ContextHierarchy found for test class [com.example.projectprototype.dbcrudtest.TotalTest], using SpringBootContextLoader
12:36:14.529 [Test worker] DEBUG org.springframework.test.context.support.AbstractContextLoader - Did not detect default resource location for test class [com.example.projectprototype.dbcrudtest.TotalTest]: class path resource [com/example/projectprototype/dbcrudtest/TotalTest-context.xml] does not exist
12:36:14.529 [Test worker] DEBUG org.springframework.test.context.support.AbstractContextLoader - Did not detect default resource location for test class [com.example.projectprototype.dbcrudtest.TotalTest]: class path resource [com/example/projectprototype/dbcrudtest/TotalTestContext.groovy] does not exist
12:36:14.529 [Test worker] INFO org.springframework.test.context.support.AbstractContextLoader - Could not detect default resource locations for test class [com.example.projectprototype.dbcrudtest.TotalTest]: no resource found for suffixes {-context.xml, Context.groovy}.
12:36:14.530 [Test worker] INFO org.springframework.test.context.support.AnnotationConfigContextLoaderUtils - Could not detect default configuration classes for test class [com.example.projectprototype.dbcrudtest.TotalTest]: TotalTest does not declare any static, non-private, non-final, nested classes annotated with @Configuration.
12:36:14.608 [Test worker] DEBUG org.springframework.test.context.support.ActiveProfilesUtils - Could not find an 'annotation declaring class' for annotation type [org.springframework.test.context.ActiveProfiles] and class [com.example.projectprototype.dbcrudtest.TotalTest]
12:36:14.687 [Test worker] DEBUG org.springframework.context.annotation.ClassPathScanningCandidateComponentProvider - Identified candidate component class: file [/Users/jeongtaeseong/Desktop/redong/build/classes/java/main/com/example/projectprototype/ProjectProtoTypeApplication.class]
12:36:14.689 [Test worker] INFO org.springframework.boot.test.context.SpringBootTestContextBootstrapper - Found @SpringBootConfiguration com.example.projectprototype.ProjectProtoTypeApplication for test class com.example.projectprototype.dbcrudtest.TotalTest
12:36:14.793 [Test worker] DEBUG org.springframework.boot.test.context.SpringBootTestContextBootstrapper - @TestExecutionListeners is not present for class [com.example.projectprototype.dbcrudtest.TotalTest]: using defaults.
12:36:14.794 [Test worker] INFO org.springframework.boot.test.context.SpringBootTestContextBootstrapper - Loaded default TestExecutionListener class names from location [META-INF/spring.factories]: [org.springframework.boot.test.autoconfigure.restdocs.RestDocsTestExecutionListener, org.springframework.boot.test.autoconfigure.web.client.MockRestServiceServerResetTestExecutionListener, org.springframework.boot.test.autoconfigure.web.servlet.MockMvcPrintOnlyOnFailureTestExecutionListener, org.springframework.boot.test.autoconfigure.web.servlet.WebDriverTestExecutionListener, org.springframework.boot.test.autoconfigure.webservices.client.MockWebServiceServerTestExecutionListener, org.springframework.boot.test.mock.mockito.MockitoTestExecutionListener, org.springframework.boot.test.mock.mockito.ResetMocksTestExecutionListener, org.springframework.test.context.web.ServletTestExecutionListener, org.springframework.test.context.support.DirtiesContextBeforeModesTestExecutionListener, org.springframework.test.context.event.ApplicationEventsTestExecutionListener, org.springframework.test.context.support.DependencyInjectionTestExecutionListener, org.springframework.test.context.support.DirtiesContextTestExecutionListener, org.springframework.test.context.transaction.TransactionalTestExecutionListener, org.springframework.test.context.jdbc.SqlScriptsTestExecutionListener, org.springframework.test.context.event.EventPublishingTestExecutionListener]
12:36:14.876 [Test worker] INFO org.springframework.boot.test.context.SpringBootTestContextBootstrapper - Using TestExecutionListeners: [org.springframework.test.context.web.ServletTestExecutionListener@1a3db8e3, org.springframework.test.context.support.DirtiesContextBeforeModesTestExecutionListener@41844208, org.springframework.test.context.event.ApplicationEventsTestExecutionListener@19d36a41, org.springframework.boot.test.mock.mockito.MockitoTestExecutionListener@1cde71c, org.springframework.boot.test.autoconfigure.SpringBootDependencyInjectionTestExecutionListener@76c0ad66, org.springframework.test.context.support.DirtiesContextTestExecutionListener@15b735b4, org.springframework.test.context.transaction.TransactionalTestExecutionListener@17b4c421, org.springframework.test.context.jdbc.SqlScriptsTestExecutionListener@79af34cc, org.springframework.test.context.event.EventPublishingTestExecutionListener@a771d02, org.springframework.boot.test.autoconfigure.restdocs.RestDocsTestExecutionListener@2641836d, org.springframework.boot.test.autoconfigure.web.client.MockRestServiceServerResetTestExecutionListener@1765ce48, org.springframework.boot.test.autoconfigure.web.servlet.MockMvcPrintOnlyOnFailureTestExecutionListener@17ec913c, org.springframework.boot.test.autoconfigure.web.servlet.WebDriverTestExecutionListener@254111ce, org.springframework.boot.test.autoconfigure.webservices.client.MockWebServiceServerTestExecutionListener@fb1b4e0, org.springframework.boot.test.mock.mockito.ResetMocksTestExecutionListener@369f2cd0]
12:36:14.890 [Test worker] DEBUG org.springframework.test.context.support.AbstractDirtiesContextTestExecutionListener - Before test class: context [DefaultTestContext@680709c3 testClass = TotalTest, testInstance = [null], testMethod = [null], testException = [null], mergedContextConfiguration = [WebMergedContextConfiguration@5906a388 testClass = TotalTest, locations = '{}', classes = '{class com.example.projectprototype.ProjectProtoTypeApplication}', contextInitializerClasses = '[]', activeProfiles = '{}', propertySourceLocations = '{}', propertySourceProperties = '{org.springframework.boot.test.context.SpringBootTestContextBootstrapper=true}', contextCustomizers = set[org.springframework.boot.test.autoconfigure.actuate.metrics.MetricsExportContextCustomizerFactory$DisableMetricExportContextCustomizer@342ee5e5, org.springframework.boot.test.autoconfigure.properties.PropertyMappingContextCustomizer@0, org.springframework.boot.test.autoconfigure.web.servlet.WebDriverContextCustomizerFactory$Customizer@4aa1f2f0, org.springframework.boot.test.context.filter.ExcludeFilterContextCustomizer@5297ec69, org.springframework.boot.test.json.DuplicateJsonObjectContextCustomizerFactory$DuplicateJsonObjectContextCustomizer@5479a820, org.springframework.boot.test.mock.mockito.MockitoContextCustomizer@0, org.springframework.boot.test.web.client.TestRestTemplateContextCustomizer@45513115, org.springframework.boot.test.context.SpringBootTestArgs@1, org.springframework.boot.test.context.SpringBootTestWebEnvironment@5fe9f048], resourceBasePath = 'src/main/webapp', contextLoader = 'org.springframework.boot.test.context.SpringBootContextLoader', parent = [null]], attributes = map['org.springframework.test.context.web.ServletTestExecutionListener.activateListener' -> true]], class annotated with @DirtiesContext [false] with mode [null].
12:36:14.967 [Test worker] DEBUG org.springframework.test.context.support.TestPropertySourceUtils - Adding inlined properties to environment: {spring.jmx.enabled=false, org.springframework.boot.test.context.SpringBootTestContextBootstrapper=true}

  .   ____          _            __ _ _
 /\\ / ___'_ __ _ _(_)_ __  __ _ \ \ \ \
( ( )\___ | '_ | '_| | '_ \/ _` | \ \ \ \
 \\/  ___)| |_)| | | | | || (_| |  ) ) ) )
  '  |____| .__|_| |_|_| |_\__, | / / / /
 =========|_|==============|___/=/_/_/_/
 :: Spring Boot ::                (v2.5.3)

2021-08-23 12:36:15.698  INFO 9069 --- [    Test worker] c.e.p.dbcrudtest.TotalTest               : Starting TotalTest using Java 11.0.12 on jeongtaeseong-ui-MacBookAir.local with PID 9069 (started by jeongtaeseong in /Users/jeongtaeseong/Desktop/redong)
2021-08-23 12:36:15.706  INFO 9069 --- [    Test worker] c.e.p.dbcrudtest.TotalTest               : No active profile set, falling back to default profiles: default
2021-08-23 12:36:16.951  INFO 9069 --- [    Test worker] .s.d.r.c.RepositoryConfigurationDelegate : Bootstrapping Spring Data JPA repositories in DEFAULT mode.
2021-08-23 12:36:17.042  INFO 9069 --- [    Test worker] .s.d.r.c.RepositoryConfigurationDelegate : Finished Spring Data repository scanning in 83 ms. Found 7 JPA repository interfaces.
2021-08-23 12:36:18.173  INFO 9069 --- [    Test worker] com.zaxxer.hikari.HikariDataSource       : HikariPool-1 - Starting...
2021-08-23 12:36:18.250  INFO 9069 --- [    Test worker] com.zaxxer.hikari.HikariDataSource       : HikariPool-1 - Start completed.
2021-08-23 12:36:18.378  INFO 9069 --- [    Test worker] o.hibernate.jpa.internal.util.LogHelper  : HHH000204: Processing PersistenceUnitInfo [name: default]
2021-08-23 12:36:18.430  INFO 9069 --- [    Test worker] org.hibernate.Version                    : HHH000412: Hibernate ORM core version 5.4.32.Final
2021-08-23 12:36:18.575  INFO 9069 --- [    Test worker] o.hibernate.annotations.common.Version   : HCANN000001: Hibernate Commons Annotations {5.1.2.Final}
2021-08-23 12:36:18.711  INFO 9069 --- [    Test worker] org.hibernate.dialect.Dialect            : HHH000400: Using dialect: org.hibernate.dialect.MySQL5InnoDBDialect
2021-08-23 12:36:19.511  INFO 9069 --- [    Test worker] o.h.e.t.j.p.i.JtaPlatformInitiator       : HHH000490: Using JtaPlatform implementation: [org.hibernate.engine.transaction.jta.platform.internal.NoJtaPlatform]
2021-08-23 12:36:19.523  INFO 9069 --- [    Test worker] j.LocalContainerEntityManagerFactoryBean : Initialized JPA EntityManagerFactory for persistence unit 'default'
2021-08-23 12:36:20.113  WARN 9069 --- [    Test worker] JpaBaseConfiguration$JpaWebConfiguration : spring.jpa.open-in-view is enabled by default. Therefore, database queries may be performed during view rendering. Explicitly configure spring.jpa.open-in-view to disable this warning
2021-08-23 12:36:22.104  INFO 9069 --- [    Test worker] c.e.p.dbcrudtest.TotalTest               : Started TotalTest in 7.128 seconds (JVM running for 8.992)
2021-08-23 12:36:22.177  INFO 9069 --- [    Test worker] o.s.t.c.transaction.TransactionContext   : Began transaction (1) for test context [DefaultTestContext@680709c3 testClass = TotalTest, testInstance = com.example.projectprototype.dbcrudtest.TotalTest@97f2951, testMethod = RoomStatusChangeTest@TotalTest, testException = [null], mergedContextConfiguration = [WebMergedContextConfiguration@5906a388 testClass = TotalTest, locations = '{}', classes = '{class com.example.projectprototype.ProjectProtoTypeApplication}', contextInitializerClasses = '[]', activeProfiles = '{}', propertySourceLocations = '{}', propertySourceProperties = '{org.springframework.boot.test.context.SpringBootTestContextBootstrapper=true}', contextCustomizers = set[org.springframework.boot.test.autoconfigure.actuate.metrics.MetricsExportContextCustomizerFactory$DisableMetricExportContextCustomizer@342ee5e5, org.springframework.boot.test.autoconfigure.properties.PropertyMappingContextCustomizer@0, org.springframework.boot.test.autoconfigure.web.servlet.WebDriverContextCustomizerFactory$Customizer@4aa1f2f0, org.springframework.boot.test.context.filter.ExcludeFilterContextCustomizer@5297ec69, org.springframework.boot.test.json.DuplicateJsonObjectContextCustomizerFactory$DuplicateJsonObjectContextCustomizer@5479a820, org.springframework.boot.test.mock.mockito.MockitoContextCustomizer@0, org.springframework.boot.test.web.client.TestRestTemplateContextCustomizer@45513115, org.springframework.boot.test.context.SpringBootTestArgs@1, org.springframework.boot.test.context.SpringBootTestWebEnvironment@5fe9f048], resourceBasePath = 'src/main/webapp', contextLoader = 'org.springframework.boot.test.context.SpringBootContextLoader', parent = [null]], attributes = map['org.springframework.test.context.web.ServletTestExecutionListener.activateListener' -> true, 'org.springframework.test.context.web.ServletTestExecutionListener.populatedRequestContextHolder' -> true, 'org.springframework.test.context.web.ServletTestExecutionListener.resetRequestContextHolder' -> true, 'org.springframework.test.context.event.ApplicationEventsTestExecutionListener.recordApplicationEvents' -> false]]; transaction manager [org.springframework.orm.jpa.JpaTransactionManager@33fd0c4e]; rollback [true]
Hibernate: 
    select
        user0_.userid as userid1_6_0_,
        user0_.profile as profile2_6_0_,
        user0_.role as role3_6_0_ 
    from
        user user0_ 
    where
        user0_.userid=?
Hibernate: 
    insert 
    into
        user
        (profile, role, userid) 
    values
        (?, ?, ?)
Hibernate: 
    select
        user_.userid,
        user_.profile as profile2_6_,
        user_.role as role3_6_ 
    from
        user user_ 
    where
        user_.userid=?
Hibernate: 
    insert 
    into
        room
        (capacity, location, meettime, owner, status, title) 
    values
        (?, ?, ?, ?, ?, ?)
2021-08-23 12:36:22.423  INFO 9069 --- [    Test worker] o.s.t.c.transaction.TransactionContext   : Rolled back transaction for test: [DefaultTestContext@680709c3 testClass = TotalTest, testInstance = com.example.projectprototype.dbcrudtest.TotalTest@97f2951, testMethod = RoomStatusChangeTest@TotalTest, testException = [null], mergedContextConfiguration = [WebMergedContextConfiguration@5906a388 testClass = TotalTest, locations = '{}', classes = '{class com.example.projectprototype.ProjectProtoTypeApplication}', contextInitializerClasses = '[]', activeProfiles = '{}', propertySourceLocations = '{}', propertySourceProperties = '{org.springframework.boot.test.context.SpringBootTestContextBootstrapper=true}', contextCustomizers = set[org.springframework.boot.test.autoconfigure.actuate.metrics.MetricsExportContextCustomizerFactory$DisableMetricExportContextCustomizer@342ee5e5, org.springframework.boot.test.autoconfigure.properties.PropertyMappingContextCustomizer@0, org.springframework.boot.test.autoconfigure.web.servlet.WebDriverContextCustomizerFactory$Customizer@4aa1f2f0, org.springframework.boot.test.context.filter.ExcludeFilterContextCustomizer@5297ec69, org.springframework.boot.test.json.DuplicateJsonObjectContextCustomizerFactory$DuplicateJsonObjectContextCustomizer@5479a820, org.springframework.boot.test.mock.mockito.MockitoContextCustomizer@0, org.springframework.boot.test.web.client.TestRestTemplateContextCustomizer@45513115, org.springframework.boot.test.context.SpringBootTestArgs@1, org.springframework.boot.test.context.SpringBootTestWebEnvironment@5fe9f048], resourceBasePath = 'src/main/webapp', contextLoader = 'org.springframework.boot.test.context.SpringBootContextLoader', parent = [null]], attributes = map['org.springframework.test.context.web.ServletTestExecutionListener.activateListener' -> true, 'org.springframework.test.context.web.ServletTestExecutionListener.populatedRequestContextHolder' -> true, 'org.springframework.test.context.web.ServletTestExecutionListener.resetRequestContextHolder' -> true, 'org.springframework.test.context.event.ApplicationEventsTestExecutionListener.recordApplicationEvents' -> false]]
]]></system-out>
  <system-err><![CDATA[]]></system-err>
</testsuite>
