<?xml version="1.0" encoding="UTF-8"?>
<testsuite name="com.example.projectprototype.jpaCrudTest.TotalTest" tests="1" skipped="0" failures="0" errors="0" timestamp="2021-08-31T11:10:31" hostname="DESKTOP-DN10P7C" time="0.52">
  <properties/>
  <testcase name="checkValidTimetest()" classname="com.example.projectprototype.jpaCrudTest.TotalTest" time="0.52"/>
  <system-out><![CDATA[20:10:25.142 [Test worker] DEBUG org.springframework.test.context.BootstrapUtils - Instantiating CacheAwareContextLoaderDelegate from class [org.springframework.test.context.cache.DefaultCacheAwareContextLoaderDelegate]
20:10:25.157 [Test worker] DEBUG org.springframework.test.context.BootstrapUtils - Instantiating BootstrapContext using constructor [public org.springframework.test.context.support.DefaultBootstrapContext(java.lang.Class,org.springframework.test.context.CacheAwareContextLoaderDelegate)]
20:10:25.258 [Test worker] DEBUG org.springframework.test.context.BootstrapUtils - Instantiating TestContextBootstrapper for test class [com.example.projectprototype.jpaCrudTest.TotalTest] from class [org.springframework.boot.test.context.SpringBootTestContextBootstrapper]
20:10:25.276 [Test worker] INFO org.springframework.boot.test.context.SpringBootTestContextBootstrapper - Neither @ContextConfiguration nor @ContextHierarchy found for test class [com.example.projectprototype.jpaCrudTest.TotalTest], using SpringBootContextLoader
20:10:25.281 [Test worker] DEBUG org.springframework.test.context.support.AbstractContextLoader - Did not detect default resource location for test class [com.example.projectprototype.jpaCrudTest.TotalTest]: class path resource [com/example/projectprototype/jpaCrudTest/TotalTest-context.xml] does not exist
20:10:25.282 [Test worker] DEBUG org.springframework.test.context.support.AbstractContextLoader - Did not detect default resource location for test class [com.example.projectprototype.jpaCrudTest.TotalTest]: class path resource [com/example/projectprototype/jpaCrudTest/TotalTestContext.groovy] does not exist
20:10:25.282 [Test worker] INFO org.springframework.test.context.support.AbstractContextLoader - Could not detect default resource locations for test class [com.example.projectprototype.jpaCrudTest.TotalTest]: no resource found for suffixes {-context.xml, Context.groovy}.
20:10:25.284 [Test worker] INFO org.springframework.test.context.support.AnnotationConfigContextLoaderUtils - Could not detect default configuration classes for test class [com.example.projectprototype.jpaCrudTest.TotalTest]: TotalTest does not declare any static, non-private, non-final, nested classes annotated with @Configuration.
20:10:25.340 [Test worker] DEBUG org.springframework.test.context.support.ActiveProfilesUtils - Could not find an 'annotation declaring class' for annotation type [org.springframework.test.context.ActiveProfiles] and class [com.example.projectprototype.jpaCrudTest.TotalTest]
20:10:25.453 [Test worker] DEBUG org.springframework.context.annotation.ClassPathScanningCandidateComponentProvider - Identified candidate component class: file [C:\Users\LGE\IdeaProjects\bobsPlus\build\classes\java\main\com\example\projectprototype\ProjectProtoTypeApplication.class]
20:10:25.455 [Test worker] INFO org.springframework.boot.test.context.SpringBootTestContextBootstrapper - Found @SpringBootConfiguration com.example.projectprototype.ProjectProtoTypeApplication for test class com.example.projectprototype.jpaCrudTest.TotalTest
20:10:25.599 [Test worker] DEBUG org.springframework.boot.test.context.SpringBootTestContextBootstrapper - @TestExecutionListeners is not present for class [com.example.projectprototype.jpaCrudTest.TotalTest]: using defaults.
20:10:25.600 [Test worker] INFO org.springframework.boot.test.context.SpringBootTestContextBootstrapper - Loaded default TestExecutionListener class names from location [META-INF/spring.factories]: [org.springframework.boot.test.autoconfigure.restdocs.RestDocsTestExecutionListener, org.springframework.boot.test.autoconfigure.web.client.MockRestServiceServerResetTestExecutionListener, org.springframework.boot.test.autoconfigure.web.servlet.MockMvcPrintOnlyOnFailureTestExecutionListener, org.springframework.boot.test.autoconfigure.web.servlet.WebDriverTestExecutionListener, org.springframework.boot.test.autoconfigure.webservices.client.MockWebServiceServerTestExecutionListener, org.springframework.boot.test.mock.mockito.MockitoTestExecutionListener, org.springframework.boot.test.mock.mockito.ResetMocksTestExecutionListener, org.springframework.test.context.web.ServletTestExecutionListener, org.springframework.test.context.support.DirtiesContextBeforeModesTestExecutionListener, org.springframework.test.context.event.ApplicationEventsTestExecutionListener, org.springframework.test.context.support.DependencyInjectionTestExecutionListener, org.springframework.test.context.support.DirtiesContextTestExecutionListener, org.springframework.test.context.transaction.TransactionalTestExecutionListener, org.springframework.test.context.jdbc.SqlScriptsTestExecutionListener, org.springframework.test.context.event.EventPublishingTestExecutionListener]
20:10:25.622 [Test worker] INFO org.springframework.boot.test.context.SpringBootTestContextBootstrapper - Using TestExecutionListeners: [org.springframework.test.context.web.ServletTestExecutionListener@7d8204f9, org.springframework.test.context.support.DirtiesContextBeforeModesTestExecutionListener@67291936, org.springframework.test.context.event.ApplicationEventsTestExecutionListener@1c6afb42, org.springframework.boot.test.mock.mockito.MockitoTestExecutionListener@72485da6, org.springframework.boot.test.autoconfigure.SpringBootDependencyInjectionTestExecutionListener@1f002ada, org.springframework.test.context.support.DirtiesContextTestExecutionListener@304f60a5, org.springframework.test.context.transaction.TransactionalTestExecutionListener@7bb42d05, org.springframework.test.context.jdbc.SqlScriptsTestExecutionListener@4ba1fab8, org.springframework.test.context.event.EventPublishingTestExecutionListener@55e95fec, org.springframework.boot.test.autoconfigure.restdocs.RestDocsTestExecutionListener@1e6857bc, org.springframework.boot.test.autoconfigure.web.client.MockRestServiceServerResetTestExecutionListener@44ee9d71, org.springframework.boot.test.autoconfigure.web.servlet.MockMvcPrintOnlyOnFailureTestExecutionListener@decb6e, org.springframework.boot.test.autoconfigure.web.servlet.WebDriverTestExecutionListener@1fd7f2a6, org.springframework.boot.test.autoconfigure.webservices.client.MockWebServiceServerTestExecutionListener@43de8357, org.springframework.boot.test.mock.mockito.ResetMocksTestExecutionListener@736b9b48]
20:10:25.627 [Test worker] DEBUG org.springframework.test.context.support.AbstractDirtiesContextTestExecutionListener - Before test class: context [DefaultTestContext@29a05dc4 testClass = TotalTest, testInstance = [null], testMethod = [null], testException = [null], mergedContextConfiguration = [WebMergedContextConfiguration@5ca1e55f testClass = TotalTest, locations = '{}', classes = '{class com.example.projectprototype.ProjectProtoTypeApplication}', contextInitializerClasses = '[]', activeProfiles = '{}', propertySourceLocations = '{}', propertySourceProperties = '{org.springframework.boot.test.context.SpringBootTestContextBootstrapper=true}', contextCustomizers = set[org.springframework.boot.test.autoconfigure.actuate.metrics.MetricsExportContextCustomizerFactory$DisableMetricExportContextCustomizer@7eb846d4, org.springframework.boot.test.autoconfigure.properties.PropertyMappingContextCustomizer@0, org.springframework.boot.test.autoconfigure.web.servlet.WebDriverContextCustomizerFactory$Customizer@5f897e52, org.springframework.boot.test.context.filter.ExcludeFilterContextCustomizer@87815ca, org.springframework.boot.test.json.DuplicateJsonObjectContextCustomizerFactory$DuplicateJsonObjectContextCustomizer@2c4cd103, org.springframework.boot.test.mock.mockito.MockitoContextCustomizer@0, org.springframework.boot.test.web.client.TestRestTemplateContextCustomizer@74f44065, org.springframework.boot.test.context.SpringBootTestArgs@1, org.springframework.boot.test.context.SpringBootTestWebEnvironment@ad64495], resourceBasePath = 'src/main/webapp', contextLoader = 'org.springframework.boot.test.context.SpringBootContextLoader', parent = [null]], attributes = map['org.springframework.test.context.web.ServletTestExecutionListener.activateListener' -> true]], class annotated with @DirtiesContext [false] with mode [null].
20:10:25.665 [Test worker] DEBUG org.springframework.test.context.support.TestPropertySourceUtils - Adding inlined properties to environment: {spring.jmx.enabled=false, org.springframework.boot.test.context.SpringBootTestContextBootstrapper=true}

  .   ____          _            __ _ _
 /\\ / ___'_ __ _ _(_)_ __  __ _ \ \ \ \
( ( )\___ | '_ | '_| | '_ \/ _` | \ \ \ \
 \\/  ___)| |_)| | | | | || (_| |  ) ) ) )
  '  |____| .__|_| |_|_| |_\__, | / / / /
 =========|_|==============|___/=/_/_/_/
 :: Spring Boot ::                (v2.5.3)

2021-08-31 20:10:26.039  INFO 7424 --- [    Test worker] c.e.p.jpaCrudTest.TotalTest              : Starting TotalTest using Java 11.0.12 on DESKTOP-DN10P7C with PID 7424 (started by LGE in C:\Users\LGE\IdeaProjects\bobsPlus)
2021-08-31 20:10:26.043  INFO 7424 --- [    Test worker] c.e.p.jpaCrudTest.TotalTest              : No active profile set, falling back to default profiles: default
2021-08-31 20:10:26.985  INFO 7424 --- [    Test worker] .s.d.r.c.RepositoryConfigurationDelegate : Bootstrapping Spring Data JPA repositories in DEFAULT mode.
2021-08-31 20:10:27.089  INFO 7424 --- [    Test worker] .s.d.r.c.RepositoryConfigurationDelegate : Finished Spring Data repository scanning in 94 ms. Found 7 JPA repository interfaces.
2021-08-31 20:10:27.798  INFO 7424 --- [    Test worker] com.zaxxer.hikari.HikariDataSource       : HikariPool-1 - Starting...
2021-08-31 20:10:27.887  INFO 7424 --- [    Test worker] com.zaxxer.hikari.HikariDataSource       : HikariPool-1 - Start completed.
2021-08-31 20:10:27.988  INFO 7424 --- [    Test worker] o.hibernate.jpa.internal.util.LogHelper  : HHH000204: Processing PersistenceUnitInfo [name: default]
2021-08-31 20:10:28.064  INFO 7424 --- [    Test worker] org.hibernate.Version                    : HHH000412: Hibernate ORM core version 5.4.32.Final
2021-08-31 20:10:28.235  INFO 7424 --- [    Test worker] o.hibernate.annotations.common.Version   : HCANN000001: Hibernate Commons Annotations {5.1.2.Final}
2021-08-31 20:10:28.405  INFO 7424 --- [    Test worker] org.hibernate.dialect.Dialect            : HHH000400: Using dialect: org.hibernate.dialect.MySQL5InnoDBDialect
2021-08-31 20:10:29.408  INFO 7424 --- [    Test worker] o.h.e.t.j.p.i.JtaPlatformInitiator       : HHH000490: Using JtaPlatform implementation: [org.hibernate.engine.transaction.jta.platform.internal.NoJtaPlatform]
2021-08-31 20:10:29.421  INFO 7424 --- [    Test worker] j.LocalContainerEntityManagerFactoryBean : Initialized JPA EntityManagerFactory for persistence unit 'default'
2021-08-31 20:10:30.318  WARN 7424 --- [    Test worker] JpaBaseConfiguration$JpaWebConfiguration : spring.jpa.open-in-view is enabled by default. Therefore, database queries may be performed during view rendering. Explicitly configure spring.jpa.open-in-view to disable this warning
2021-08-31 20:10:31.119  INFO 7424 --- [    Test worker] c.e.p.jpaCrudTest.TotalTest              : Started TotalTest in 5.444 seconds (JVM running for 7.279)
2021-08-31 20:10:31.159  INFO 7424 --- [    Test worker] o.s.t.c.transaction.TransactionContext   : Began transaction (1) for test context [DefaultTestContext@29a05dc4 testClass = TotalTest, testInstance = com.example.projectprototype.jpaCrudTest.TotalTest@5265d0d, testMethod = checkValidTimetest@TotalTest, testException = [null], mergedContextConfiguration = [WebMergedContextConfiguration@5ca1e55f testClass = TotalTest, locations = '{}', classes = '{class com.example.projectprototype.ProjectProtoTypeApplication}', contextInitializerClasses = '[]', activeProfiles = '{}', propertySourceLocations = '{}', propertySourceProperties = '{org.springframework.boot.test.context.SpringBootTestContextBootstrapper=true}', contextCustomizers = set[org.springframework.boot.test.autoconfigure.actuate.metrics.MetricsExportContextCustomizerFactory$DisableMetricExportContextCustomizer@7eb846d4, org.springframework.boot.test.autoconfigure.properties.PropertyMappingContextCustomizer@0, org.springframework.boot.test.autoconfigure.web.servlet.WebDriverContextCustomizerFactory$Customizer@5f897e52, org.springframework.boot.test.context.filter.ExcludeFilterContextCustomizer@87815ca, org.springframework.boot.test.json.DuplicateJsonObjectContextCustomizerFactory$DuplicateJsonObjectContextCustomizer@2c4cd103, org.springframework.boot.test.mock.mockito.MockitoContextCustomizer@0, org.springframework.boot.test.web.client.TestRestTemplateContextCustomizer@74f44065, org.springframework.boot.test.context.SpringBootTestArgs@1, org.springframework.boot.test.context.SpringBootTestWebEnvironment@ad64495], resourceBasePath = 'src/main/webapp', contextLoader = 'org.springframework.boot.test.context.SpringBootContextLoader', parent = [null]], attributes = map['org.springframework.test.context.web.ServletTestExecutionListener.activateListener' -> true, 'org.springframework.test.context.web.ServletTestExecutionListener.populatedRequestContextHolder' -> true, 'org.springframework.test.context.web.ServletTestExecutionListener.resetRequestContextHolder' -> true, 'org.springframework.test.context.event.ApplicationEventsTestExecutionListener.recordApplicationEvents' -> false]]; transaction manager [org.springframework.orm.jpa.JpaTransactionManager@4af2da99]; rollback [true]
Hibernate: 
    select
        user0_.id as id1_6_0_,
        user0_.created_at as created_2_6_0_,
        user0_.updated_at as updated_3_6_0_,
        user0_.profile as profile4_6_0_,
        user0_.role as role5_6_0_ 
    from
        user user0_ 
    where
        user0_.id=?
Hibernate: 
    insert 
    into
        user
        (created_at, updated_at, profile, role, id) 
    values
        (?, ?, ?, ?, ?)
Hibernate: 
    select
        user_.id,
        user_.updated_at as updated_3_6_,
        user_.profile as profile4_6_,
        user_.role as role5_6_ 
    from
        user user_ 
    where
        user_.id=?
Hibernate: 
    insert 
    into
        room
        (created_at, updated_at, announcement, capacity, location, meet_time, owner, status, title) 
    values
        (?, ?, ?, ?, ?, ?, ?, ?, ?)
Hibernate: 
    insert 
    into
        participant
        (created_at, updated_at, room_id, user_id) 
    values
        (?, ?, ?, ?)
Hibernate: 
    select
        menu0_.id as id1_2_,
        menu0_.created_at as created_2_2_,
        menu0_.updated_at as updated_3_2_,
        menu0_.name as name4_2_ 
    from
        menu menu0_ 
    where
        menu0_.name=?
Hibernate: 
    insert 
    into
        room_menu
        (created_at, updated_at, menu_id, room_id) 
    values
        (?, ?, ?, ?)
Hibernate: 
    select
        menu0_.id as id1_2_,
        menu0_.created_at as created_2_2_,
        menu0_.updated_at as updated_3_2_,
        menu0_.name as name4_2_ 
    from
        menu menu0_ 
    where
        menu0_.name=?
Hibernate: 
    insert 
    into
        room_menu
        (created_at, updated_at, menu_id, room_id) 
    values
        (?, ?, ?, ?)
Hibernate: 
    insert 
    into
        participant
        (created_at, updated_at, room_id, user_id) 
    values
        (?, ?, ?, ?)
time check
time check
time check
time check
2021-08-31 20:10:31.659  INFO 7424 --- [    Test worker] o.s.t.c.transaction.TransactionContext   : Rolled back transaction for test: [DefaultTestContext@29a05dc4 testClass = TotalTest, testInstance = com.example.projectprototype.jpaCrudTest.TotalTest@5265d0d, testMethod = checkValidTimetest@TotalTest, testException = [null], mergedContextConfiguration = [WebMergedContextConfiguration@5ca1e55f testClass = TotalTest, locations = '{}', classes = '{class com.example.projectprototype.ProjectProtoTypeApplication}', contextInitializerClasses = '[]', activeProfiles = '{}', propertySourceLocations = '{}', propertySourceProperties = '{org.springframework.boot.test.context.SpringBootTestContextBootstrapper=true}', contextCustomizers = set[org.springframework.boot.test.autoconfigure.actuate.metrics.MetricsExportContextCustomizerFactory$DisableMetricExportContextCustomizer@7eb846d4, org.springframework.boot.test.autoconfigure.properties.PropertyMappingContextCustomizer@0, org.springframework.boot.test.autoconfigure.web.servlet.WebDriverContextCustomizerFactory$Customizer@5f897e52, org.springframework.boot.test.context.filter.ExcludeFilterContextCustomizer@87815ca, org.springframework.boot.test.json.DuplicateJsonObjectContextCustomizerFactory$DuplicateJsonObjectContextCustomizer@2c4cd103, org.springframework.boot.test.mock.mockito.MockitoContextCustomizer@0, org.springframework.boot.test.web.client.TestRestTemplateContextCustomizer@74f44065, org.springframework.boot.test.context.SpringBootTestArgs@1, org.springframework.boot.test.context.SpringBootTestWebEnvironment@ad64495], resourceBasePath = 'src/main/webapp', contextLoader = 'org.springframework.boot.test.context.SpringBootContextLoader', parent = [null]], attributes = map['org.springframework.test.context.web.ServletTestExecutionListener.activateListener' -> true, 'org.springframework.test.context.web.ServletTestExecutionListener.populatedRequestContextHolder' -> true, 'org.springframework.test.context.web.ServletTestExecutionListener.resetRequestContextHolder' -> true, 'org.springframework.test.context.event.ApplicationEventsTestExecutionListener.recordApplicationEvents' -> false]]
]]></system-out>
  <system-err><![CDATA[]]></system-err>
</testsuite>
