<?xml version="1.0" encoding="UTF-8"?>
<testsuite name="com.example.projectprototype.jpaCrudTest.TotalTest" tests="8" skipped="0" failures="0" errors="0" timestamp="2021-08-25T01:38:36" hostname="jeongtaeseong-ui-MacBookAir.local" time="1.54">
  <properties/>
  <testcase name="RoomStatusChangeTest()" classname="com.example.projectprototype.jpaCrudTest.TotalTest" time="0.909"/>
  <testcase name="UserCRUD()" classname="com.example.projectprototype.jpaCrudTest.TotalTest" time="0.055"/>
  <testcase name="RoomCrud()" classname="com.example.projectprototype.jpaCrudTest.TotalTest" time="0.032"/>
  <testcase name="participantMappingTest()" classname="com.example.projectprototype.jpaCrudTest.TotalTest" time="0.305"/>
  <testcase name="menuCrudTest()" classname="com.example.projectprototype.jpaCrudTest.TotalTest" time="0.054"/>
  <testcase name="BanCrud()" classname="com.example.projectprototype.jpaCrudTest.TotalTest" time="0.039"/>
  <testcase name="MessageCrudTest()" classname="com.example.projectprototype.jpaCrudTest.TotalTest" time="0.045"/>
  <testcase name="RoomAndMenuMappingTest()" classname="com.example.projectprototype.jpaCrudTest.TotalTest" time="0.05"/>
  <system-out><![CDATA[10:38:29.487 [Test worker] DEBUG org.springframework.test.context.BootstrapUtils - Instantiating CacheAwareContextLoaderDelegate from class [org.springframework.test.context.cache.DefaultCacheAwareContextLoaderDelegate]
10:38:29.498 [Test worker] DEBUG org.springframework.test.context.BootstrapUtils - Instantiating BootstrapContext using constructor [public org.springframework.test.context.support.DefaultBootstrapContext(java.lang.Class,org.springframework.test.context.CacheAwareContextLoaderDelegate)]
10:38:29.582 [Test worker] DEBUG org.springframework.test.context.BootstrapUtils - Instantiating TestContextBootstrapper for test class [com.example.projectprototype.jpaCrudTest.TotalTest] from class [org.springframework.boot.test.context.SpringBootTestContextBootstrapper]
10:38:29.601 [Test worker] INFO org.springframework.boot.test.context.SpringBootTestContextBootstrapper - Neither @ContextConfiguration nor @ContextHierarchy found for test class [com.example.projectprototype.jpaCrudTest.TotalTest], using SpringBootContextLoader
10:38:29.607 [Test worker] DEBUG org.springframework.test.context.support.AbstractContextLoader - Did not detect default resource location for test class [com.example.projectprototype.jpaCrudTest.TotalTest]: class path resource [com/example/projectprototype/jpaCrudTest/TotalTest-context.xml] does not exist
10:38:29.610 [Test worker] DEBUG org.springframework.test.context.support.AbstractContextLoader - Did not detect default resource location for test class [com.example.projectprototype.jpaCrudTest.TotalTest]: class path resource [com/example/projectprototype/jpaCrudTest/TotalTestContext.groovy] does not exist
10:38:29.610 [Test worker] INFO org.springframework.test.context.support.AbstractContextLoader - Could not detect default resource locations for test class [com.example.projectprototype.jpaCrudTest.TotalTest]: no resource found for suffixes {-context.xml, Context.groovy}.
10:38:29.610 [Test worker] INFO org.springframework.test.context.support.AnnotationConfigContextLoaderUtils - Could not detect default configuration classes for test class [com.example.projectprototype.jpaCrudTest.TotalTest]: TotalTest does not declare any static, non-private, non-final, nested classes annotated with @Configuration.
10:38:29.676 [Test worker] DEBUG org.springframework.test.context.support.ActiveProfilesUtils - Could not find an 'annotation declaring class' for annotation type [org.springframework.test.context.ActiveProfiles] and class [com.example.projectprototype.jpaCrudTest.TotalTest]
10:38:29.756 [Test worker] DEBUG org.springframework.context.annotation.ClassPathScanningCandidateComponentProvider - Identified candidate component class: file [/Users/jeongtaeseong/Desktop/42BoB-Plus/build/classes/java/main/com/example/projectprototype/ProjectProtoTypeApplication.class]
10:38:29.758 [Test worker] INFO org.springframework.boot.test.context.SpringBootTestContextBootstrapper - Found @SpringBootConfiguration com.example.projectprototype.ProjectProtoTypeApplication for test class com.example.projectprototype.jpaCrudTest.TotalTest
10:38:29.859 [Test worker] DEBUG org.springframework.boot.test.context.SpringBootTestContextBootstrapper - @TestExecutionListeners is not present for class [com.example.projectprototype.jpaCrudTest.TotalTest]: using defaults.
10:38:29.860 [Test worker] INFO org.springframework.boot.test.context.SpringBootTestContextBootstrapper - Loaded default TestExecutionListener class names from location [META-INF/spring.factories]: [org.springframework.boot.test.autoconfigure.restdocs.RestDocsTestExecutionListener, org.springframework.boot.test.autoconfigure.web.client.MockRestServiceServerResetTestExecutionListener, org.springframework.boot.test.autoconfigure.web.servlet.MockMvcPrintOnlyOnFailureTestExecutionListener, org.springframework.boot.test.autoconfigure.web.servlet.WebDriverTestExecutionListener, org.springframework.boot.test.autoconfigure.webservices.client.MockWebServiceServerTestExecutionListener, org.springframework.boot.test.mock.mockito.MockitoTestExecutionListener, org.springframework.boot.test.mock.mockito.ResetMocksTestExecutionListener, org.springframework.test.context.web.ServletTestExecutionListener, org.springframework.test.context.support.DirtiesContextBeforeModesTestExecutionListener, org.springframework.test.context.event.ApplicationEventsTestExecutionListener, org.springframework.test.context.support.DependencyInjectionTestExecutionListener, org.springframework.test.context.support.DirtiesContextTestExecutionListener, org.springframework.test.context.transaction.TransactionalTestExecutionListener, org.springframework.test.context.jdbc.SqlScriptsTestExecutionListener, org.springframework.test.context.event.EventPublishingTestExecutionListener]
10:38:29.876 [Test worker] INFO org.springframework.boot.test.context.SpringBootTestContextBootstrapper - Using TestExecutionListeners: [org.springframework.test.context.web.ServletTestExecutionListener@6828b306, org.springframework.test.context.support.DirtiesContextBeforeModesTestExecutionListener@79fa6f0e, org.springframework.test.context.event.ApplicationEventsTestExecutionListener@3351f56e, org.springframework.boot.test.mock.mockito.MockitoTestExecutionListener@71bb1751, org.springframework.boot.test.autoconfigure.SpringBootDependencyInjectionTestExecutionListener@5ca63ae3, org.springframework.test.context.support.DirtiesContextTestExecutionListener@760eac66, org.springframework.test.context.transaction.TransactionalTestExecutionListener@4a48dd4c, org.springframework.test.context.jdbc.SqlScriptsTestExecutionListener@63605acb, org.springframework.test.context.event.EventPublishingTestExecutionListener@e7c1566, org.springframework.boot.test.autoconfigure.restdocs.RestDocsTestExecutionListener@d12f553, org.springframework.boot.test.autoconfigure.web.client.MockRestServiceServerResetTestExecutionListener@13cfb00, org.springframework.boot.test.autoconfigure.web.servlet.MockMvcPrintOnlyOnFailureTestExecutionListener@606b4fee, org.springframework.boot.test.autoconfigure.web.servlet.WebDriverTestExecutionListener@ed2a1a0, org.springframework.boot.test.autoconfigure.webservices.client.MockWebServiceServerTestExecutionListener@14706544, org.springframework.boot.test.mock.mockito.ResetMocksTestExecutionListener@72726831]
10:38:29.880 [Test worker] DEBUG org.springframework.test.context.support.AbstractDirtiesContextTestExecutionListener - Before test class: context [DefaultTestContext@1c5c0f3d testClass = TotalTest, testInstance = [null], testMethod = [null], testException = [null], mergedContextConfiguration = [WebMergedContextConfiguration@24ebd373 testClass = TotalTest, locations = '{}', classes = '{class com.example.projectprototype.ProjectProtoTypeApplication}', contextInitializerClasses = '[]', activeProfiles = '{}', propertySourceLocations = '{}', propertySourceProperties = '{org.springframework.boot.test.context.SpringBootTestContextBootstrapper=true}', contextCustomizers = set[org.springframework.boot.test.autoconfigure.actuate.metrics.MetricsExportContextCustomizerFactory$DisableMetricExportContextCustomizer@709a00d6, org.springframework.boot.test.autoconfigure.properties.PropertyMappingContextCustomizer@0, org.springframework.boot.test.autoconfigure.web.servlet.WebDriverContextCustomizerFactory$Customizer@61bd236b, org.springframework.boot.test.context.filter.ExcludeFilterContextCustomizer@4c377156, org.springframework.boot.test.json.DuplicateJsonObjectContextCustomizerFactory$DuplicateJsonObjectContextCustomizer@6a7cca80, org.springframework.boot.test.mock.mockito.MockitoContextCustomizer@0, org.springframework.boot.test.web.client.TestRestTemplateContextCustomizer@66d8c565, org.springframework.boot.test.context.SpringBootTestArgs@1, org.springframework.boot.test.context.SpringBootTestWebEnvironment@42130200], resourceBasePath = 'src/main/webapp', contextLoader = 'org.springframework.boot.test.context.SpringBootContextLoader', parent = [null]], attributes = map['org.springframework.test.context.web.ServletTestExecutionListener.activateListener' -> true]], class annotated with @DirtiesContext [false] with mode [null].
10:38:30.001 [Test worker] DEBUG org.springframework.test.context.support.TestPropertySourceUtils - Adding inlined properties to environment: {spring.jmx.enabled=false, org.springframework.boot.test.context.SpringBootTestContextBootstrapper=true}

  .   ____          _            __ _ _
 /\\ / ___'_ __ _ _(_)_ __  __ _ \ \ \ \
( ( )\___ | '_ | '_| | '_ \/ _` | \ \ \ \
 \\/  ___)| |_)| | | | | || (_| |  ) ) ) )
  '  |____| .__|_| |_|_| |_\__, | / / / /
 =========|_|==============|___/=/_/_/_/
 :: Spring Boot ::                (v2.5.3)

2021-08-25 10:38:30.470  INFO 4374 --- [    Test worker] c.e.p.jpaCrudTest.TotalTest              : Starting TotalTest using Java 11.0.12 on jeongtaeseong-ui-MacBookAir.local with PID 4374 (started by jeongtaeseong in /Users/jeongtaeseong/Desktop/42BoB-Plus)
2021-08-25 10:38:30.478  INFO 4374 --- [    Test worker] c.e.p.jpaCrudTest.TotalTest              : No active profile set, falling back to default profiles: default
2021-08-25 10:38:31.645  INFO 4374 --- [    Test worker] .s.d.r.c.RepositoryConfigurationDelegate : Bootstrapping Spring Data JPA repositories in DEFAULT mode.
2021-08-25 10:38:31.731  INFO 4374 --- [    Test worker] .s.d.r.c.RepositoryConfigurationDelegate : Finished Spring Data repository scanning in 78 ms. Found 7 JPA repository interfaces.
2021-08-25 10:38:32.756  INFO 4374 --- [    Test worker] com.zaxxer.hikari.HikariDataSource       : HikariPool-1 - Starting...
2021-08-25 10:38:32.830  INFO 4374 --- [    Test worker] com.zaxxer.hikari.HikariDataSource       : HikariPool-1 - Start completed.
2021-08-25 10:38:32.944  INFO 4374 --- [    Test worker] o.hibernate.jpa.internal.util.LogHelper  : HHH000204: Processing PersistenceUnitInfo [name: default]
2021-08-25 10:38:32.992  INFO 4374 --- [    Test worker] org.hibernate.Version                    : HHH000412: Hibernate ORM core version 5.4.32.Final
2021-08-25 10:38:33.131  INFO 4374 --- [    Test worker] o.hibernate.annotations.common.Version   : HCANN000001: Hibernate Commons Annotations {5.1.2.Final}
2021-08-25 10:38:33.269  INFO 4374 --- [    Test worker] org.hibernate.dialect.Dialect            : HHH000400: Using dialect: org.hibernate.dialect.MySQL5InnoDBDialect
2021-08-25 10:38:34.098  INFO 4374 --- [    Test worker] o.h.e.t.j.p.i.JtaPlatformInitiator       : HHH000490: Using JtaPlatform implementation: [org.hibernate.engine.transaction.jta.platform.internal.NoJtaPlatform]
2021-08-25 10:38:34.109  INFO 4374 --- [    Test worker] j.LocalContainerEntityManagerFactoryBean : Initialized JPA EntityManagerFactory for persistence unit 'default'
2021-08-25 10:38:34.755  WARN 4374 --- [    Test worker] JpaBaseConfiguration$JpaWebConfiguration : spring.jpa.open-in-view is enabled by default. Therefore, database queries may be performed during view rendering. Explicitly configure spring.jpa.open-in-view to disable this warning
2021-08-25 10:38:36.798  INFO 4374 --- [    Test worker] c.e.p.jpaCrudTest.TotalTest              : Started TotalTest in 6.78 seconds (JVM running for 8.641)
2021-08-25 10:38:36.894  INFO 4374 --- [    Test worker] o.s.t.c.transaction.TransactionContext   : Began transaction (1) for test context [DefaultTestContext@1c5c0f3d testClass = TotalTest, testInstance = com.example.projectprototype.jpaCrudTest.TotalTest@f5a5ce1, testMethod = RoomStatusChangeTest@TotalTest, testException = [null], mergedContextConfiguration = [WebMergedContextConfiguration@24ebd373 testClass = TotalTest, locations = '{}', classes = '{class com.example.projectprototype.ProjectProtoTypeApplication}', contextInitializerClasses = '[]', activeProfiles = '{}', propertySourceLocations = '{}', propertySourceProperties = '{org.springframework.boot.test.context.SpringBootTestContextBootstrapper=true}', contextCustomizers = set[org.springframework.boot.test.autoconfigure.actuate.metrics.MetricsExportContextCustomizerFactory$DisableMetricExportContextCustomizer@709a00d6, org.springframework.boot.test.autoconfigure.properties.PropertyMappingContextCustomizer@0, org.springframework.boot.test.autoconfigure.web.servlet.WebDriverContextCustomizerFactory$Customizer@61bd236b, org.springframework.boot.test.context.filter.ExcludeFilterContextCustomizer@4c377156, org.springframework.boot.test.json.DuplicateJsonObjectContextCustomizerFactory$DuplicateJsonObjectContextCustomizer@6a7cca80, org.springframework.boot.test.mock.mockito.MockitoContextCustomizer@0, org.springframework.boot.test.web.client.TestRestTemplateContextCustomizer@66d8c565, org.springframework.boot.test.context.SpringBootTestArgs@1, org.springframework.boot.test.context.SpringBootTestWebEnvironment@42130200], resourceBasePath = 'src/main/webapp', contextLoader = 'org.springframework.boot.test.context.SpringBootContextLoader', parent = [null]], attributes = map['org.springframework.test.context.web.ServletTestExecutionListener.activateListener' -> true, 'org.springframework.test.context.web.ServletTestExecutionListener.populatedRequestContextHolder' -> true, 'org.springframework.test.context.web.ServletTestExecutionListener.resetRequestContextHolder' -> true, 'org.springframework.test.context.event.ApplicationEventsTestExecutionListener.recordApplicationEvents' -> false]]; transaction manager [org.springframework.orm.jpa.JpaTransactionManager@288c7738]; rollback [true]
Hibernate: 
    select
        user0_.id as id1_6_0_,
        user0_.created_at as created_2_6_0_,
        user0_.updated_at as updated_3_6_0_,
        user0_.profile as profile4_6_0_,
        user0_.role as role5_6_0_ 
    from
        user user0_ 
    where
        user0_.id=?
Hibernate: 
    insert 
    into
        user
        (created_at, updated_at, profile, role, id) 
    values
        (?, ?, ?, ?, ?)
Hibernate: 
    select
        user_.id,
        user_.updated_at as updated_3_6_,
        user_.profile as profile4_6_,
        user_.role as role5_6_ 
    from
        user user_ 
    where
        user_.id=?
Hibernate: 
    insert 
    into
        room
        (created_at, updated_at, announcement, capacity, location, meet_time, owner, status, title) 
    values
        (?, ?, ?, ?, ?, ?, ?, ?, ?)
2021-08-25 10:38:37.762  INFO 4374 --- [    Test worker] o.s.t.c.transaction.TransactionContext   : Rolled back transaction for test: [DefaultTestContext@1c5c0f3d testClass = TotalTest, testInstance = com.example.projectprototype.jpaCrudTest.TotalTest@f5a5ce1, testMethod = RoomStatusChangeTest@TotalTest, testException = [null], mergedContextConfiguration = [WebMergedContextConfiguration@24ebd373 testClass = TotalTest, locations = '{}', classes = '{class com.example.projectprototype.ProjectProtoTypeApplication}', contextInitializerClasses = '[]', activeProfiles = '{}', propertySourceLocations = '{}', propertySourceProperties = '{org.springframework.boot.test.context.SpringBootTestContextBootstrapper=true}', contextCustomizers = set[org.springframework.boot.test.autoconfigure.actuate.metrics.MetricsExportContextCustomizerFactory$DisableMetricExportContextCustomizer@709a00d6, org.springframework.boot.test.autoconfigure.properties.PropertyMappingContextCustomizer@0, org.springframework.boot.test.autoconfigure.web.servlet.WebDriverContextCustomizerFactory$Customizer@61bd236b, org.springframework.boot.test.context.filter.ExcludeFilterContextCustomizer@4c377156, org.springframework.boot.test.json.DuplicateJsonObjectContextCustomizerFactory$DuplicateJsonObjectContextCustomizer@6a7cca80, org.springframework.boot.test.mock.mockito.MockitoContextCustomizer@0, org.springframework.boot.test.web.client.TestRestTemplateContextCustomizer@66d8c565, org.springframework.boot.test.context.SpringBootTestArgs@1, org.springframework.boot.test.context.SpringBootTestWebEnvironment@42130200], resourceBasePath = 'src/main/webapp', contextLoader = 'org.springframework.boot.test.context.SpringBootContextLoader', parent = [null]], attributes = map['org.springframework.test.context.web.ServletTestExecutionListener.activateListener' -> true, 'org.springframework.test.context.web.ServletTestExecutionListener.populatedRequestContextHolder' -> true, 'org.springframework.test.context.web.ServletTestExecutionListener.resetRequestContextHolder' -> true, 'org.springframework.test.context.event.ApplicationEventsTestExecutionListener.recordApplicationEvents' -> false]]
2021-08-25 10:38:37.793  INFO 4374 --- [    Test worker] o.s.t.c.transaction.TransactionContext   : Began transaction (1) for test context [DefaultTestContext@1c5c0f3d testClass = TotalTest, testInstance = com.example.projectprototype.jpaCrudTest.TotalTest@3c7ea5b5, testMethod = UserCRUD@TotalTest, testException = [null], mergedContextConfiguration = [WebMergedContextConfiguration@24ebd373 testClass = TotalTest, locations = '{}', classes = '{class com.example.projectprototype.ProjectProtoTypeApplication}', contextInitializerClasses = '[]', activeProfiles = '{}', propertySourceLocations = '{}', propertySourceProperties = '{org.springframework.boot.test.context.SpringBootTestContextBootstrapper=true}', contextCustomizers = set[org.springframework.boot.test.autoconfigure.actuate.metrics.MetricsExportContextCustomizerFactory$DisableMetricExportContextCustomizer@709a00d6, org.springframework.boot.test.autoconfigure.properties.PropertyMappingContextCustomizer@0, org.springframework.boot.test.autoconfigure.web.servlet.WebDriverContextCustomizerFactory$Customizer@61bd236b, org.springframework.boot.test.context.filter.ExcludeFilterContextCustomizer@4c377156, org.springframework.boot.test.json.DuplicateJsonObjectContextCustomizerFactory$DuplicateJsonObjectContextCustomizer@6a7cca80, org.springframework.boot.test.mock.mockito.MockitoContextCustomizer@0, org.springframework.boot.test.web.client.TestRestTemplateContextCustomizer@66d8c565, org.springframework.boot.test.context.SpringBootTestArgs@1, org.springframework.boot.test.context.SpringBootTestWebEnvironment@42130200], resourceBasePath = 'src/main/webapp', contextLoader = 'org.springframework.boot.test.context.SpringBootContextLoader', parent = [null]], attributes = map['org.springframework.test.context.web.ServletTestExecutionListener.activateListener' -> true, 'org.springframework.test.context.web.ServletTestExecutionListener.populatedRequestContextHolder' -> true, 'org.springframework.test.context.web.ServletTestExecutionListener.resetRequestContextHolder' -> true, 'org.springframework.test.context.event.ApplicationEventsTestExecutionListener.recordApplicationEvents' -> false]]; transaction manager [org.springframework.orm.jpa.JpaTransactionManager@288c7738]; rollback [true]
Hibernate: 
    select
        user0_.id as id1_6_0_,
        user0_.created_at as created_2_6_0_,
        user0_.updated_at as updated_3_6_0_,
        user0_.profile as profile4_6_0_,
        user0_.role as role5_6_0_ 
    from
        user user0_ 
    where
        user0_.id=?
2021-08-25 10:38:37.831  INFO 4374 --- [    Test worker] o.s.t.c.transaction.TransactionContext   : Rolled back transaction for test: [DefaultTestContext@1c5c0f3d testClass = TotalTest, testInstance = com.example.projectprototype.jpaCrudTest.TotalTest@3c7ea5b5, testMethod = UserCRUD@TotalTest, testException = [null], mergedContextConfiguration = [WebMergedContextConfiguration@24ebd373 testClass = TotalTest, locations = '{}', classes = '{class com.example.projectprototype.ProjectProtoTypeApplication}', contextInitializerClasses = '[]', activeProfiles = '{}', propertySourceLocations = '{}', propertySourceProperties = '{org.springframework.boot.test.context.SpringBootTestContextBootstrapper=true}', contextCustomizers = set[org.springframework.boot.test.autoconfigure.actuate.metrics.MetricsExportContextCustomizerFactory$DisableMetricExportContextCustomizer@709a00d6, org.springframework.boot.test.autoconfigure.properties.PropertyMappingContextCustomizer@0, org.springframework.boot.test.autoconfigure.web.servlet.WebDriverContextCustomizerFactory$Customizer@61bd236b, org.springframework.boot.test.context.filter.ExcludeFilterContextCustomizer@4c377156, org.springframework.boot.test.json.DuplicateJsonObjectContextCustomizerFactory$DuplicateJsonObjectContextCustomizer@6a7cca80, org.springframework.boot.test.mock.mockito.MockitoContextCustomizer@0, org.springframework.boot.test.web.client.TestRestTemplateContextCustomizer@66d8c565, org.springframework.boot.test.context.SpringBootTestArgs@1, org.springframework.boot.test.context.SpringBootTestWebEnvironment@42130200], resourceBasePath = 'src/main/webapp', contextLoader = 'org.springframework.boot.test.context.SpringBootContextLoader', parent = [null]], attributes = map['org.springframework.test.context.web.ServletTestExecutionListener.activateListener' -> true, 'org.springframework.test.context.web.ServletTestExecutionListener.populatedRequestContextHolder' -> true, 'org.springframework.test.context.web.ServletTestExecutionListener.resetRequestContextHolder' -> true, 'org.springframework.test.context.event.ApplicationEventsTestExecutionListener.recordApplicationEvents' -> false]]
2021-08-25 10:38:37.848  INFO 4374 --- [    Test worker] o.s.t.c.transaction.TransactionContext   : Began transaction (1) for test context [DefaultTestContext@1c5c0f3d testClass = TotalTest, testInstance = com.example.projectprototype.jpaCrudTest.TotalTest@14c18f9e, testMethod = RoomCrud@TotalTest, testException = [null], mergedContextConfiguration = [WebMergedContextConfiguration@24ebd373 testClass = TotalTest, locations = '{}', classes = '{class com.example.projectprototype.ProjectProtoTypeApplication}', contextInitializerClasses = '[]', activeProfiles = '{}', propertySourceLocations = '{}', propertySourceProperties = '{org.springframework.boot.test.context.SpringBootTestContextBootstrapper=true}', contextCustomizers = set[org.springframework.boot.test.autoconfigure.actuate.metrics.MetricsExportContextCustomizerFactory$DisableMetricExportContextCustomizer@709a00d6, org.springframework.boot.test.autoconfigure.properties.PropertyMappingContextCustomizer@0, org.springframework.boot.test.autoconfigure.web.servlet.WebDriverContextCustomizerFactory$Customizer@61bd236b, org.springframework.boot.test.context.filter.ExcludeFilterContextCustomizer@4c377156, org.springframework.boot.test.json.DuplicateJsonObjectContextCustomizerFactory$DuplicateJsonObjectContextCustomizer@6a7cca80, org.springframework.boot.test.mock.mockito.MockitoContextCustomizer@0, org.springframework.boot.test.web.client.TestRestTemplateContextCustomizer@66d8c565, org.springframework.boot.test.context.SpringBootTestArgs@1, org.springframework.boot.test.context.SpringBootTestWebEnvironment@42130200], resourceBasePath = 'src/main/webapp', contextLoader = 'org.springframework.boot.test.context.SpringBootContextLoader', parent = [null]], attributes = map['org.springframework.test.context.web.ServletTestExecutionListener.activateListener' -> true, 'org.springframework.test.context.web.ServletTestExecutionListener.populatedRequestContextHolder' -> true, 'org.springframework.test.context.web.ServletTestExecutionListener.resetRequestContextHolder' -> true, 'org.springframework.test.context.event.ApplicationEventsTestExecutionListener.recordApplicationEvents' -> false]]; transaction manager [org.springframework.orm.jpa.JpaTransactionManager@288c7738]; rollback [true]
Hibernate: 
    select
        user0_.id as id1_6_0_,
        user0_.created_at as created_2_6_0_,
        user0_.updated_at as updated_3_6_0_,
        user0_.profile as profile4_6_0_,
        user0_.role as role5_6_0_ 
    from
        user user0_ 
    where
        user0_.id=?
Hibernate: 
    insert 
    into
        user
        (created_at, updated_at, profile, role, id) 
    values
        (?, ?, ?, ?, ?)
Hibernate: 
    select
        user_.id,
        user_.updated_at as updated_3_6_,
        user_.profile as profile4_6_,
        user_.role as role5_6_ 
    from
        user user_ 
    where
        user_.id=?
Hibernate: 
    insert 
    into
        room
        (created_at, updated_at, announcement, capacity, location, meet_time, owner, status, title) 
    values
        (?, ?, ?, ?, ?, ?, ?, ?, ?)
2021-08-25 10:38:37.867  INFO 4374 --- [    Test worker] o.s.t.c.transaction.TransactionContext   : Rolled back transaction for test: [DefaultTestContext@1c5c0f3d testClass = TotalTest, testInstance = com.example.projectprototype.jpaCrudTest.TotalTest@14c18f9e, testMethod = RoomCrud@TotalTest, testException = [null], mergedContextConfiguration = [WebMergedContextConfiguration@24ebd373 testClass = TotalTest, locations = '{}', classes = '{class com.example.projectprototype.ProjectProtoTypeApplication}', contextInitializerClasses = '[]', activeProfiles = '{}', propertySourceLocations = '{}', propertySourceProperties = '{org.springframework.boot.test.context.SpringBootTestContextBootstrapper=true}', contextCustomizers = set[org.springframework.boot.test.autoconfigure.actuate.metrics.MetricsExportContextCustomizerFactory$DisableMetricExportContextCustomizer@709a00d6, org.springframework.boot.test.autoconfigure.properties.PropertyMappingContextCustomizer@0, org.springframework.boot.test.autoconfigure.web.servlet.WebDriverContextCustomizerFactory$Customizer@61bd236b, org.springframework.boot.test.context.filter.ExcludeFilterContextCustomizer@4c377156, org.springframework.boot.test.json.DuplicateJsonObjectContextCustomizerFactory$DuplicateJsonObjectContextCustomizer@6a7cca80, org.springframework.boot.test.mock.mockito.MockitoContextCustomizer@0, org.springframework.boot.test.web.client.TestRestTemplateContextCustomizer@66d8c565, org.springframework.boot.test.context.SpringBootTestArgs@1, org.springframework.boot.test.context.SpringBootTestWebEnvironment@42130200], resourceBasePath = 'src/main/webapp', contextLoader = 'org.springframework.boot.test.context.SpringBootContextLoader', parent = [null]], attributes = map['org.springframework.test.context.web.ServletTestExecutionListener.activateListener' -> true, 'org.springframework.test.context.web.ServletTestExecutionListener.populatedRequestContextHolder' -> true, 'org.springframework.test.context.web.ServletTestExecutionListener.resetRequestContextHolder' -> true, 'org.springframework.test.context.event.ApplicationEventsTestExecutionListener.recordApplicationEvents' -> false]]
2021-08-25 10:38:37.891  INFO 4374 --- [    Test worker] o.s.t.c.transaction.TransactionContext   : Began transaction (1) for test context [DefaultTestContext@1c5c0f3d testClass = TotalTest, testInstance = com.example.projectprototype.jpaCrudTest.TotalTest@7b777163, testMethod = participantMappingTest@TotalTest, testException = [null], mergedContextConfiguration = [WebMergedContextConfiguration@24ebd373 testClass = TotalTest, locations = '{}', classes = '{class com.example.projectprototype.ProjectProtoTypeApplication}', contextInitializerClasses = '[]', activeProfiles = '{}', propertySourceLocations = '{}', propertySourceProperties = '{org.springframework.boot.test.context.SpringBootTestContextBootstrapper=true}', contextCustomizers = set[org.springframework.boot.test.autoconfigure.actuate.metrics.MetricsExportContextCustomizerFactory$DisableMetricExportContextCustomizer@709a00d6, org.springframework.boot.test.autoconfigure.properties.PropertyMappingContextCustomizer@0, org.springframework.boot.test.autoconfigure.web.servlet.WebDriverContextCustomizerFactory$Customizer@61bd236b, org.springframework.boot.test.context.filter.ExcludeFilterContextCustomizer@4c377156, org.springframework.boot.test.json.DuplicateJsonObjectContextCustomizerFactory$DuplicateJsonObjectContextCustomizer@6a7cca80, org.springframework.boot.test.mock.mockito.MockitoContextCustomizer@0, org.springframework.boot.test.web.client.TestRestTemplateContextCustomizer@66d8c565, org.springframework.boot.test.context.SpringBootTestArgs@1, org.springframework.boot.test.context.SpringBootTestWebEnvironment@42130200], resourceBasePath = 'src/main/webapp', contextLoader = 'org.springframework.boot.test.context.SpringBootContextLoader', parent = [null]], attributes = map['org.springframework.test.context.web.ServletTestExecutionListener.activateListener' -> true, 'org.springframework.test.context.web.ServletTestExecutionListener.populatedRequestContextHolder' -> true, 'org.springframework.test.context.web.ServletTestExecutionListener.resetRequestContextHolder' -> true, 'org.springframework.test.context.event.ApplicationEventsTestExecutionListener.recordApplicationEvents' -> false]]; transaction manager [org.springframework.orm.jpa.JpaTransactionManager@288c7738]; rollback [true]
Hibernate: 
    select
        user0_.id as id1_6_0_,
        user0_.created_at as created_2_6_0_,
        user0_.updated_at as updated_3_6_0_,
        user0_.profile as profile4_6_0_,
        user0_.role as role5_6_0_ 
    from
        user user0_ 
    where
        user0_.id=?
Hibernate: 
    select
        user0_.id as id1_6_0_,
        user0_.created_at as created_2_6_0_,
        user0_.updated_at as updated_3_6_0_,
        user0_.profile as profile4_6_0_,
        user0_.role as role5_6_0_ 
    from
        user user0_ 
    where
        user0_.id=?
Hibernate: 
    select
        user0_.id as id1_6_0_,
        user0_.created_at as created_2_6_0_,
        user0_.updated_at as updated_3_6_0_,
        user0_.profile as profile4_6_0_,
        user0_.role as role5_6_0_ 
    from
        user user0_ 
    where
        user0_.id=?
Hibernate: 
    insert 
    into
        user
        (created_at, updated_at, profile, role, id) 
    values
        (?, ?, ?, ?, ?)
Hibernate: 
    insert 
    into
        user
        (created_at, updated_at, profile, role, id) 
    values
        (?, ?, ?, ?, ?)
Hibernate: 
    insert 
    into
        user
        (created_at, updated_at, profile, role, id) 
    values
        (?, ?, ?, ?, ?)
Hibernate: 
    select
        user_.id,
        user_.updated_at as updated_3_6_,
        user_.profile as profile4_6_,
        user_.role as role5_6_ 
    from
        user user_ 
    where
        user_.id=?
Hibernate: 
    insert 
    into
        room
        (created_at, updated_at, announcement, capacity, location, meet_time, owner, status, title) 
    values
        (?, ?, ?, ?, ?, ?, ?, ?, ?)
Hibernate: 
    insert 
    into
        participant
        (created_at, updated_at, room_id, user_id) 
    values
        (?, ?, ?, ?)
Hibernate: 
    select
        participan0_.id as id1_3_,
        participan0_.created_at as created_2_3_,
        participan0_.updated_at as updated_3_3_,
        participan0_.room_id as room_id4_3_,
        participan0_.user_id as user_id5_3_ 
    from
        participant participan0_ 
    where
        participan0_.room_id=?
2021-08-25 10:38:38.163  INFO 4374 --- [    Test worker] o.s.t.c.transaction.TransactionContext   : Rolled back transaction for test: [DefaultTestContext@1c5c0f3d testClass = TotalTest, testInstance = com.example.projectprototype.jpaCrudTest.TotalTest@7b777163, testMethod = participantMappingTest@TotalTest, testException = [null], mergedContextConfiguration = [WebMergedContextConfiguration@24ebd373 testClass = TotalTest, locations = '{}', classes = '{class com.example.projectprototype.ProjectProtoTypeApplication}', contextInitializerClasses = '[]', activeProfiles = '{}', propertySourceLocations = '{}', propertySourceProperties = '{org.springframework.boot.test.context.SpringBootTestContextBootstrapper=true}', contextCustomizers = set[org.springframework.boot.test.autoconfigure.actuate.metrics.MetricsExportContextCustomizerFactory$DisableMetricExportContextCustomizer@709a00d6, org.springframework.boot.test.autoconfigure.properties.PropertyMappingContextCustomizer@0, org.springframework.boot.test.autoconfigure.web.servlet.WebDriverContextCustomizerFactory$Customizer@61bd236b, org.springframework.boot.test.context.filter.ExcludeFilterContextCustomizer@4c377156, org.springframework.boot.test.json.DuplicateJsonObjectContextCustomizerFactory$DuplicateJsonObjectContextCustomizer@6a7cca80, org.springframework.boot.test.mock.mockito.MockitoContextCustomizer@0, org.springframework.boot.test.web.client.TestRestTemplateContextCustomizer@66d8c565, org.springframework.boot.test.context.SpringBootTestArgs@1, org.springframework.boot.test.context.SpringBootTestWebEnvironment@42130200], resourceBasePath = 'src/main/webapp', contextLoader = 'org.springframework.boot.test.context.SpringBootContextLoader', parent = [null]], attributes = map['org.springframework.test.context.web.ServletTestExecutionListener.activateListener' -> true, 'org.springframework.test.context.web.ServletTestExecutionListener.populatedRequestContextHolder' -> true, 'org.springframework.test.context.web.ServletTestExecutionListener.resetRequestContextHolder' -> true, 'org.springframework.test.context.event.ApplicationEventsTestExecutionListener.recordApplicationEvents' -> false]]
2021-08-25 10:38:38.227  INFO 4374 --- [    Test worker] o.s.t.c.transaction.TransactionContext   : Began transaction (1) for test context [DefaultTestContext@1c5c0f3d testClass = TotalTest, testInstance = com.example.projectprototype.jpaCrudTest.TotalTest@241e71da, testMethod = menuCrudTest@TotalTest, testException = [null], mergedContextConfiguration = [WebMergedContextConfiguration@24ebd373 testClass = TotalTest, locations = '{}', classes = '{class com.example.projectprototype.ProjectProtoTypeApplication}', contextInitializerClasses = '[]', activeProfiles = '{}', propertySourceLocations = '{}', propertySourceProperties = '{org.springframework.boot.test.context.SpringBootTestContextBootstrapper=true}', contextCustomizers = set[org.springframework.boot.test.autoconfigure.actuate.metrics.MetricsExportContextCustomizerFactory$DisableMetricExportContextCustomizer@709a00d6, org.springframework.boot.test.autoconfigure.properties.PropertyMappingContextCustomizer@0, org.springframework.boot.test.autoconfigure.web.servlet.WebDriverContextCustomizerFactory$Customizer@61bd236b, org.springframework.boot.test.context.filter.ExcludeFilterContextCustomizer@4c377156, org.springframework.boot.test.json.DuplicateJsonObjectContextCustomizerFactory$DuplicateJsonObjectContextCustomizer@6a7cca80, org.springframework.boot.test.mock.mockito.MockitoContextCustomizer@0, org.springframework.boot.test.web.client.TestRestTemplateContextCustomizer@66d8c565, org.springframework.boot.test.context.SpringBootTestArgs@1, org.springframework.boot.test.context.SpringBootTestWebEnvironment@42130200], resourceBasePath = 'src/main/webapp', contextLoader = 'org.springframework.boot.test.context.SpringBootContextLoader', parent = [null]], attributes = map['org.springframework.test.context.web.ServletTestExecutionListener.activateListener' -> true, 'org.springframework.test.context.web.ServletTestExecutionListener.populatedRequestContextHolder' -> true, 'org.springframework.test.context.web.ServletTestExecutionListener.resetRequestContextHolder' -> true, 'org.springframework.test.context.event.ApplicationEventsTestExecutionListener.recordApplicationEvents' -> false]]; transaction manager [org.springframework.orm.jpa.JpaTransactionManager@288c7738]; rollback [true]
Hibernate: 
    select
        menu0_.id as id1_2_,
        menu0_.created_at as created_2_2_,
        menu0_.updated_at as updated_3_2_,
        menu0_.name as name4_2_ 
    from
        menu menu0_ 
    where
        menu0_.name=?
2021-08-25 10:38:38.265  INFO 4374 --- [    Test worker] o.s.t.c.transaction.TransactionContext   : Rolled back transaction for test: [DefaultTestContext@1c5c0f3d testClass = TotalTest, testInstance = com.example.projectprototype.jpaCrudTest.TotalTest@241e71da, testMethod = menuCrudTest@TotalTest, testException = [null], mergedContextConfiguration = [WebMergedContextConfiguration@24ebd373 testClass = TotalTest, locations = '{}', classes = '{class com.example.projectprototype.ProjectProtoTypeApplication}', contextInitializerClasses = '[]', activeProfiles = '{}', propertySourceLocations = '{}', propertySourceProperties = '{org.springframework.boot.test.context.SpringBootTestContextBootstrapper=true}', contextCustomizers = set[org.springframework.boot.test.autoconfigure.actuate.metrics.MetricsExportContextCustomizerFactory$DisableMetricExportContextCustomizer@709a00d6, org.springframework.boot.test.autoconfigure.properties.PropertyMappingContextCustomizer@0, org.springframework.boot.test.autoconfigure.web.servlet.WebDriverContextCustomizerFactory$Customizer@61bd236b, org.springframework.boot.test.context.filter.ExcludeFilterContextCustomizer@4c377156, org.springframework.boot.test.json.DuplicateJsonObjectContextCustomizerFactory$DuplicateJsonObjectContextCustomizer@6a7cca80, org.springframework.boot.test.mock.mockito.MockitoContextCustomizer@0, org.springframework.boot.test.web.client.TestRestTemplateContextCustomizer@66d8c565, org.springframework.boot.test.context.SpringBootTestArgs@1, org.springframework.boot.test.context.SpringBootTestWebEnvironment@42130200], resourceBasePath = 'src/main/webapp', contextLoader = 'org.springframework.boot.test.context.SpringBootContextLoader', parent = [null]], attributes = map['org.springframework.test.context.web.ServletTestExecutionListener.activateListener' -> true, 'org.springframework.test.context.web.ServletTestExecutionListener.populatedRequestContextHolder' -> true, 'org.springframework.test.context.web.ServletTestExecutionListener.resetRequestContextHolder' -> true, 'org.springframework.test.context.event.ApplicationEventsTestExecutionListener.recordApplicationEvents' -> false]]
2021-08-25 10:38:38.275  INFO 4374 --- [    Test worker] o.s.t.c.transaction.TransactionContext   : Began transaction (1) for test context [DefaultTestContext@1c5c0f3d testClass = TotalTest, testInstance = com.example.projectprototype.jpaCrudTest.TotalTest@4e47c2f, testMethod = BanCrud@TotalTest, testException = [null], mergedContextConfiguration = [WebMergedContextConfiguration@24ebd373 testClass = TotalTest, locations = '{}', classes = '{class com.example.projectprototype.ProjectProtoTypeApplication}', contextInitializerClasses = '[]', activeProfiles = '{}', propertySourceLocations = '{}', propertySourceProperties = '{org.springframework.boot.test.context.SpringBootTestContextBootstrapper=true}', contextCustomizers = set[org.springframework.boot.test.autoconfigure.actuate.metrics.MetricsExportContextCustomizerFactory$DisableMetricExportContextCustomizer@709a00d6, org.springframework.boot.test.autoconfigure.properties.PropertyMappingContextCustomizer@0, org.springframework.boot.test.autoconfigure.web.servlet.WebDriverContextCustomizerFactory$Customizer@61bd236b, org.springframework.boot.test.context.filter.ExcludeFilterContextCustomizer@4c377156, org.springframework.boot.test.json.DuplicateJsonObjectContextCustomizerFactory$DuplicateJsonObjectContextCustomizer@6a7cca80, org.springframework.boot.test.mock.mockito.MockitoContextCustomizer@0, org.springframework.boot.test.web.client.TestRestTemplateContextCustomizer@66d8c565, org.springframework.boot.test.context.SpringBootTestArgs@1, org.springframework.boot.test.context.SpringBootTestWebEnvironment@42130200], resourceBasePath = 'src/main/webapp', contextLoader = 'org.springframework.boot.test.context.SpringBootContextLoader', parent = [null]], attributes = map['org.springframework.test.context.web.ServletTestExecutionListener.activateListener' -> true, 'org.springframework.test.context.web.ServletTestExecutionListener.populatedRequestContextHolder' -> true, 'org.springframework.test.context.web.ServletTestExecutionListener.resetRequestContextHolder' -> true, 'org.springframework.test.context.event.ApplicationEventsTestExecutionListener.recordApplicationEvents' -> false]]; transaction manager [org.springframework.orm.jpa.JpaTransactionManager@288c7738]; rollback [true]
Hibernate: 
    select
        user0_.id as id1_6_0_,
        user0_.created_at as created_2_6_0_,
        user0_.updated_at as updated_3_6_0_,
        user0_.profile as profile4_6_0_,
        user0_.role as role5_6_0_ 
    from
        user user0_ 
    where
        user0_.id=?
Hibernate: 
    select
        user0_.id as id1_6_0_,
        user0_.created_at as created_2_6_0_,
        user0_.updated_at as updated_3_6_0_,
        user0_.profile as profile4_6_0_,
        user0_.role as role5_6_0_ 
    from
        user user0_ 
    where
        user0_.id=?
Hibernate: 
    insert 
    into
        user
        (created_at, updated_at, profile, role, id) 
    values
        (?, ?, ?, ?, ?)
Hibernate: 
    insert 
    into
        user
        (created_at, updated_at, profile, role, id) 
    values
        (?, ?, ?, ?, ?)
Hibernate: 
    select
        user_.id,
        user_.updated_at as updated_3_6_,
        user_.profile as profile4_6_,
        user_.role as role5_6_ 
    from
        user user_ 
    where
        user_.id=?
Hibernate: 
    select
        user_.id,
        user_.updated_at as updated_3_6_,
        user_.profile as profile4_6_,
        user_.role as role5_6_ 
    from
        user user_ 
    where
        user_.id=?
Hibernate: 
    insert 
    into
        ban
        (created_at, updated_at, dest, src) 
    values
        (?, ?, ?, ?)
2021-08-25 10:38:38.309  INFO 4374 --- [    Test worker] o.s.t.c.transaction.TransactionContext   : Rolled back transaction for test: [DefaultTestContext@1c5c0f3d testClass = TotalTest, testInstance = com.example.projectprototype.jpaCrudTest.TotalTest@4e47c2f, testMethod = BanCrud@TotalTest, testException = [null], mergedContextConfiguration = [WebMergedContextConfiguration@24ebd373 testClass = TotalTest, locations = '{}', classes = '{class com.example.projectprototype.ProjectProtoTypeApplication}', contextInitializerClasses = '[]', activeProfiles = '{}', propertySourceLocations = '{}', propertySourceProperties = '{org.springframework.boot.test.context.SpringBootTestContextBootstrapper=true}', contextCustomizers = set[org.springframework.boot.test.autoconfigure.actuate.metrics.MetricsExportContextCustomizerFactory$DisableMetricExportContextCustomizer@709a00d6, org.springframework.boot.test.autoconfigure.properties.PropertyMappingContextCustomizer@0, org.springframework.boot.test.autoconfigure.web.servlet.WebDriverContextCustomizerFactory$Customizer@61bd236b, org.springframework.boot.test.context.filter.ExcludeFilterContextCustomizer@4c377156, org.springframework.boot.test.json.DuplicateJsonObjectContextCustomizerFactory$DuplicateJsonObjectContextCustomizer@6a7cca80, org.springframework.boot.test.mock.mockito.MockitoContextCustomizer@0, org.springframework.boot.test.web.client.TestRestTemplateContextCustomizer@66d8c565, org.springframework.boot.test.context.SpringBootTestArgs@1, org.springframework.boot.test.context.SpringBootTestWebEnvironment@42130200], resourceBasePath = 'src/main/webapp', contextLoader = 'org.springframework.boot.test.context.SpringBootContextLoader', parent = [null]], attributes = map['org.springframework.test.context.web.ServletTestExecutionListener.activateListener' -> true, 'org.springframework.test.context.web.ServletTestExecutionListener.populatedRequestContextHolder' -> true, 'org.springframework.test.context.web.ServletTestExecutionListener.resetRequestContextHolder' -> true, 'org.springframework.test.context.event.ApplicationEventsTestExecutionListener.recordApplicationEvents' -> false]]
2021-08-25 10:38:38.313  INFO 4374 --- [    Test worker] o.s.t.c.transaction.TransactionContext   : Began transaction (1) for test context [DefaultTestContext@1c5c0f3d testClass = TotalTest, testInstance = com.example.projectprototype.jpaCrudTest.TotalTest@3b39bcdf, testMethod = MessageCrudTest@TotalTest, testException = [null], mergedContextConfiguration = [WebMergedContextConfiguration@24ebd373 testClass = TotalTest, locations = '{}', classes = '{class com.example.projectprototype.ProjectProtoTypeApplication}', contextInitializerClasses = '[]', activeProfiles = '{}', propertySourceLocations = '{}', propertySourceProperties = '{org.springframework.boot.test.context.SpringBootTestContextBootstrapper=true}', contextCustomizers = set[org.springframework.boot.test.autoconfigure.actuate.metrics.MetricsExportContextCustomizerFactory$DisableMetricExportContextCustomizer@709a00d6, org.springframework.boot.test.autoconfigure.properties.PropertyMappingContextCustomizer@0, org.springframework.boot.test.autoconfigure.web.servlet.WebDriverContextCustomizerFactory$Customizer@61bd236b, org.springframework.boot.test.context.filter.ExcludeFilterContextCustomizer@4c377156, org.springframework.boot.test.json.DuplicateJsonObjectContextCustomizerFactory$DuplicateJsonObjectContextCustomizer@6a7cca80, org.springframework.boot.test.mock.mockito.MockitoContextCustomizer@0, org.springframework.boot.test.web.client.TestRestTemplateContextCustomizer@66d8c565, org.springframework.boot.test.context.SpringBootTestArgs@1, org.springframework.boot.test.context.SpringBootTestWebEnvironment@42130200], resourceBasePath = 'src/main/webapp', contextLoader = 'org.springframework.boot.test.context.SpringBootContextLoader', parent = [null]], attributes = map['org.springframework.test.context.web.ServletTestExecutionListener.activateListener' -> true, 'org.springframework.test.context.web.ServletTestExecutionListener.populatedRequestContextHolder' -> true, 'org.springframework.test.context.web.ServletTestExecutionListener.resetRequestContextHolder' -> true, 'org.springframework.test.context.event.ApplicationEventsTestExecutionListener.recordApplicationEvents' -> false]]; transaction manager [org.springframework.orm.jpa.JpaTransactionManager@288c7738]; rollback [true]
Hibernate: 
    select
        user0_.id as id1_6_0_,
        user0_.created_at as created_2_6_0_,
        user0_.updated_at as updated_3_6_0_,
        user0_.profile as profile4_6_0_,
        user0_.role as role5_6_0_ 
    from
        user user0_ 
    where
        user0_.id=?
Hibernate: 
    insert 
    into
        user
        (created_at, updated_at, profile, role, id) 
    values
        (?, ?, ?, ?, ?)
Hibernate: 
    select
        user_.id,
        user_.updated_at as updated_3_6_,
        user_.profile as profile4_6_,
        user_.role as role5_6_ 
    from
        user user_ 
    where
        user_.id=?
Hibernate: 
    insert 
    into
        room
        (created_at, updated_at, announcement, capacity, location, meet_time, owner, status, title) 
    values
        (?, ?, ?, ?, ?, ?, ?, ?, ?)
Hibernate: 
    insert 
    into
        chatmessage
        (created_at, updated_at, message, message_type, room_id, writer) 
    values
        (?, ?, ?, ?, ?, ?)
Hibernate: 
    select
        chatmessag0_.id as id1_1_,
        chatmessag0_.created_at as created_2_1_,
        chatmessag0_.updated_at as updated_3_1_,
        chatmessag0_.message as message4_1_,
        chatmessag0_.message_type as message_5_1_,
        chatmessag0_.room_id as room_id7_1_,
        chatmessag0_.writer as writer6_1_ 
    from
        chatmessage chatmessag0_ 
    where
        chatmessag0_.room_id=?
2021-08-25 10:38:38.354  INFO 4374 --- [    Test worker] o.s.t.c.transaction.TransactionContext   : Rolled back transaction for test: [DefaultTestContext@1c5c0f3d testClass = TotalTest, testInstance = com.example.projectprototype.jpaCrudTest.TotalTest@3b39bcdf, testMethod = MessageCrudTest@TotalTest, testException = [null], mergedContextConfiguration = [WebMergedContextConfiguration@24ebd373 testClass = TotalTest, locations = '{}', classes = '{class com.example.projectprototype.ProjectProtoTypeApplication}', contextInitializerClasses = '[]', activeProfiles = '{}', propertySourceLocations = '{}', propertySourceProperties = '{org.springframework.boot.test.context.SpringBootTestContextBootstrapper=true}', contextCustomizers = set[org.springframework.boot.test.autoconfigure.actuate.metrics.MetricsExportContextCustomizerFactory$DisableMetricExportContextCustomizer@709a00d6, org.springframework.boot.test.autoconfigure.properties.PropertyMappingContextCustomizer@0, org.springframework.boot.test.autoconfigure.web.servlet.WebDriverContextCustomizerFactory$Customizer@61bd236b, org.springframework.boot.test.context.filter.ExcludeFilterContextCustomizer@4c377156, org.springframework.boot.test.json.DuplicateJsonObjectContextCustomizerFactory$DuplicateJsonObjectContextCustomizer@6a7cca80, org.springframework.boot.test.mock.mockito.MockitoContextCustomizer@0, org.springframework.boot.test.web.client.TestRestTemplateContextCustomizer@66d8c565, org.springframework.boot.test.context.SpringBootTestArgs@1, org.springframework.boot.test.context.SpringBootTestWebEnvironment@42130200], resourceBasePath = 'src/main/webapp', contextLoader = 'org.springframework.boot.test.context.SpringBootContextLoader', parent = [null]], attributes = map['org.springframework.test.context.web.ServletTestExecutionListener.activateListener' -> true, 'org.springframework.test.context.web.ServletTestExecutionListener.populatedRequestContextHolder' -> true, 'org.springframework.test.context.web.ServletTestExecutionListener.resetRequestContextHolder' -> true, 'org.springframework.test.context.event.ApplicationEventsTestExecutionListener.recordApplicationEvents' -> false]]
2021-08-25 10:38:38.363  INFO 4374 --- [    Test worker] o.s.t.c.transaction.TransactionContext   : Began transaction (1) for test context [DefaultTestContext@1c5c0f3d testClass = TotalTest, testInstance = com.example.projectprototype.jpaCrudTest.TotalTest@795c771b, testMethod = RoomAndMenuMappingTest@TotalTest, testException = [null], mergedContextConfiguration = [WebMergedContextConfiguration@24ebd373 testClass = TotalTest, locations = '{}', classes = '{class com.example.projectprototype.ProjectProtoTypeApplication}', contextInitializerClasses = '[]', activeProfiles = '{}', propertySourceLocations = '{}', propertySourceProperties = '{org.springframework.boot.test.context.SpringBootTestContextBootstrapper=true}', contextCustomizers = set[org.springframework.boot.test.autoconfigure.actuate.metrics.MetricsExportContextCustomizerFactory$DisableMetricExportContextCustomizer@709a00d6, org.springframework.boot.test.autoconfigure.properties.PropertyMappingContextCustomizer@0, org.springframework.boot.test.autoconfigure.web.servlet.WebDriverContextCustomizerFactory$Customizer@61bd236b, org.springframework.boot.test.context.filter.ExcludeFilterContextCustomizer@4c377156, org.springframework.boot.test.json.DuplicateJsonObjectContextCustomizerFactory$DuplicateJsonObjectContextCustomizer@6a7cca80, org.springframework.boot.test.mock.mockito.MockitoContextCustomizer@0, org.springframework.boot.test.web.client.TestRestTemplateContextCustomizer@66d8c565, org.springframework.boot.test.context.SpringBootTestArgs@1, org.springframework.boot.test.context.SpringBootTestWebEnvironment@42130200], resourceBasePath = 'src/main/webapp', contextLoader = 'org.springframework.boot.test.context.SpringBootContextLoader', parent = [null]], attributes = map['org.springframework.test.context.web.ServletTestExecutionListener.activateListener' -> true, 'org.springframework.test.context.web.ServletTestExecutionListener.populatedRequestContextHolder' -> true, 'org.springframework.test.context.web.ServletTestExecutionListener.resetRequestContextHolder' -> true, 'org.springframework.test.context.event.ApplicationEventsTestExecutionListener.recordApplicationEvents' -> false]]; transaction manager [org.springframework.orm.jpa.JpaTransactionManager@288c7738]; rollback [true]
Hibernate: 
    select
        user0_.id as id1_6_0_,
        user0_.created_at as created_2_6_0_,
        user0_.updated_at as updated_3_6_0_,
        user0_.profile as profile4_6_0_,
        user0_.role as role5_6_0_ 
    from
        user user0_ 
    where
        user0_.id=?
Hibernate: 
    insert 
    into
        user
        (created_at, updated_at, profile, role, id) 
    values
        (?, ?, ?, ?, ?)
Hibernate: 
    select
        user_.id,
        user_.updated_at as updated_3_6_,
        user_.profile as profile4_6_,
        user_.role as role5_6_ 
    from
        user user_ 
    where
        user_.id=?
Hibernate: 
    insert 
    into
        room
        (created_at, updated_at, announcement, capacity, location, meet_time, owner, status, title) 
    values
        (?, ?, ?, ?, ?, ?, ?, ?, ?)
Hibernate: 
    select
        menu0_.id as id1_2_,
        menu0_.created_at as created_2_2_,
        menu0_.updated_at as updated_3_2_,
        menu0_.name as name4_2_ 
    from
        menu menu0_ 
    where
        menu0_.name=?
Hibernate: 
    insert 
    into
        room_menu
        (created_at, updated_at, menu_id, room_id) 
    values
        (?, ?, ?, ?)
Hibernate: 
    select
        roommenu0_.id as id1_5_,
        roommenu0_.created_at as created_2_5_,
        roommenu0_.updated_at as updated_3_5_,
        roommenu0_.menu_id as menu_id4_5_,
        roommenu0_.room_id as room_id5_5_ 
    from
        room_menu roommenu0_ 
    where
        roommenu0_.room_id=?
2021-08-25 10:38:38.408  INFO 4374 --- [    Test worker] o.s.t.c.transaction.TransactionContext   : Rolled back transaction for test: [DefaultTestContext@1c5c0f3d testClass = TotalTest, testInstance = com.example.projectprototype.jpaCrudTest.TotalTest@795c771b, testMethod = RoomAndMenuMappingTest@TotalTest, testException = [null], mergedContextConfiguration = [WebMergedContextConfiguration@24ebd373 testClass = TotalTest, locations = '{}', classes = '{class com.example.projectprototype.ProjectProtoTypeApplication}', contextInitializerClasses = '[]', activeProfiles = '{}', propertySourceLocations = '{}', propertySourceProperties = '{org.springframework.boot.test.context.SpringBootTestContextBootstrapper=true}', contextCustomizers = set[org.springframework.boot.test.autoconfigure.actuate.metrics.MetricsExportContextCustomizerFactory$DisableMetricExportContextCustomizer@709a00d6, org.springframework.boot.test.autoconfigure.properties.PropertyMappingContextCustomizer@0, org.springframework.boot.test.autoconfigure.web.servlet.WebDriverContextCustomizerFactory$Customizer@61bd236b, org.springframework.boot.test.context.filter.ExcludeFilterContextCustomizer@4c377156, org.springframework.boot.test.json.DuplicateJsonObjectContextCustomizerFactory$DuplicateJsonObjectContextCustomizer@6a7cca80, org.springframework.boot.test.mock.mockito.MockitoContextCustomizer@0, org.springframework.boot.test.web.client.TestRestTemplateContextCustomizer@66d8c565, org.springframework.boot.test.context.SpringBootTestArgs@1, org.springframework.boot.test.context.SpringBootTestWebEnvironment@42130200], resourceBasePath = 'src/main/webapp', contextLoader = 'org.springframework.boot.test.context.SpringBootContextLoader', parent = [null]], attributes = map['org.springframework.test.context.web.ServletTestExecutionListener.activateListener' -> true, 'org.springframework.test.context.web.ServletTestExecutionListener.populatedRequestContextHolder' -> true, 'org.springframework.test.context.web.ServletTestExecutionListener.resetRequestContextHolder' -> true, 'org.springframework.test.context.event.ApplicationEventsTestExecutionListener.recordApplicationEvents' -> false]]
]]></system-out>
  <system-err><![CDATA[]]></system-err>
</testsuite>
